<?xml version="1.0" encoding="UTF-8"?>
<!-- Generated by org.testng.reporters.JUnitReportReporter -->
<testsuite hostname="LAPTOP-4S1GC75Q" failures="0" tests="4" name="day1.HttpRequests" time="7.826" errors="0" timestamp="2023-09-01T16:17:40 IST" skipped="0">
  <testcase classname="day1.HttpRequests" name="getusers" time="5.309"/>
  <system-out/>
  <testcase classname="day1.HttpRequests" name="createUser" time="1.336"/>
  <system-out/>
  <testcase classname="day1.HttpRequests" name="updateUser" time="0.584"/>
  <system-out/>
  <testcase classname="day1.HttpRequests" name="deleteUser" time="0.597"/>
  <system-out/>
</testsuite> <!-- day1.HttpRequests -->
